<?xml version="1.0" encoding="UTF-8"?>
<testsuite name="com.db.awmd.challenge.AccountsServiceTest" tests="6" skipped="0" failures="0" errors="0" timestamp="2019-10-30T10:39:20" hostname="LP-PG00FNAD" time="0.073">
  <properties/>
  <testcase name="makeTransfer_should_fail_when_accountDoesNotExist" classname="com.db.awmd.challenge.AccountsServiceTest" time="0.009"/>
  <testcase name="addAccount" classname="com.db.awmd.challenge.AccountsServiceTest" time="0.007"/>
  <testcase name="makeTransfer_should_fail_when_accountNotEnoughFunds" classname="com.db.awmd.challenge.AccountsServiceTest" time="0.006"/>
  <testcase name="makeTransfer_should_transferFunds_when_balanceJustEnough" classname="com.db.awmd.challenge.AccountsServiceTest" time="0.034"/>
  <testcase name="makeTransfer_should_transferFunds" classname="com.db.awmd.challenge.AccountsServiceTest" time="0.004"/>
  <testcase name="addAccount_failsOnDuplicateId" classname="com.db.awmd.challenge.AccountsServiceTest" time="0.003"/>
  <system-out><![CDATA[2019-10-30 16:09:18.483  INFO 5932 --- [    Test worker] .b.t.c.SpringBootTestContextBootstrapper : Neither @ContextConfiguration nor @ContextHierarchy found for test class [com.db.awmd.challenge.AccountsServiceTest], using SpringBootContextLoader
2019-10-30 16:09:18.485  INFO 5932 --- [    Test worker] o.s.t.c.support.AbstractContextLoader    : Could not detect default resource locations for test class [com.db.awmd.challenge.AccountsServiceTest]: no resource found for suffixes {-context.xml, Context.groovy}.
2019-10-30 16:09:18.486  INFO 5932 --- [    Test worker] t.c.s.AnnotationConfigContextLoaderUtils : Could not detect default configuration classes for test class [com.db.awmd.challenge.AccountsServiceTest]: AccountsServiceTest does not declare any static, non-private, non-final, nested classes annotated with @Configuration.
2019-10-30 16:09:18.503  INFO 5932 --- [    Test worker] .b.t.c.SpringBootTestContextBootstrapper : Found @SpringBootConfiguration com.db.awmd.challenge.DevChallengeApplication for test class com.db.awmd.challenge.AccountsServiceTest
2019-10-30 16:09:18.512  INFO 5932 --- [    Test worker] .b.t.c.SpringBootTestContextBootstrapper : Loaded default TestExecutionListener class names from location [META-INF/spring.factories]: [org.springframework.boot.test.autoconfigure.restdocs.RestDocsTestExecutionListener, org.springframework.boot.test.autoconfigure.web.client.MockRestServiceServerResetTestExecutionListener, org.springframework.boot.test.autoconfigure.web.servlet.MockMvcPrintOnlyOnFailureTestExecutionListener, org.springframework.boot.test.autoconfigure.web.servlet.WebDriverTestExecutionListener, org.springframework.boot.test.mock.mockito.MockitoTestExecutionListener, org.springframework.boot.test.mock.mockito.ResetMocksTestExecutionListener, org.springframework.test.context.web.ServletTestExecutionListener, org.springframework.test.context.support.DirtiesContextBeforeModesTestExecutionListener, org.springframework.test.context.support.DependencyInjectionTestExecutionListener, org.springframework.test.context.support.DirtiesContextTestExecutionListener, org.springframework.test.context.transaction.TransactionalTestExecutionListener, org.springframework.test.context.jdbc.SqlScriptsTestExecutionListener]
2019-10-30 16:09:18.519  INFO 5932 --- [    Test worker] .b.t.c.SpringBootTestContextBootstrapper : Could not instantiate TestExecutionListener [org.springframework.test.context.jdbc.SqlScriptsTestExecutionListener]. Specify custom listener classes or make the default listener classes (and their required dependencies) available. Offending class: [org/springframework/transaction/interceptor/TransactionAttribute]
2019-10-30 16:09:18.520  INFO 5932 --- [    Test worker] .b.t.c.SpringBootTestContextBootstrapper : Could not instantiate TestExecutionListener [org.springframework.test.context.transaction.TransactionalTestExecutionListener]. Specify custom listener classes or make the default listener classes (and their required dependencies) available. Offending class: [org/springframework/transaction/interceptor/TransactionAttributeSource]
2019-10-30 16:09:18.521  INFO 5932 --- [    Test worker] .b.t.c.SpringBootTestContextBootstrapper : Using TestExecutionListeners: [org.springframework.test.context.web.ServletTestExecutionListener@522a892c, org.springframework.test.context.support.DirtiesContextBeforeModesTestExecutionListener@23305612, org.springframework.boot.test.autoconfigure.SpringBootDependencyInjectionTestExecutionListener@3b01cc4d, org.springframework.test.context.support.DirtiesContextTestExecutionListener@778120f6, org.springframework.boot.test.mock.mockito.ResetMocksTestExecutionListener@7164b4c3, org.springframework.boot.test.autoconfigure.web.servlet.MockMvcPrintOnlyOnFailureTestExecutionListener@50c5fc3b, org.springframework.boot.test.autoconfigure.web.servlet.WebDriverTestExecutionListener@651331ca, org.springframework.boot.test.mock.mockito.MockitoTestExecutionListener@1b6b3b0e, org.springframework.boot.test.autoconfigure.restdocs.RestDocsTestExecutionListener@4ffd560c, org.springframework.boot.test.autoconfigure.web.client.MockRestServiceServerResetTestExecutionListener@30a65fec]

  .   ____          _            __ _ _
 /\\ / ___'_ __ _ _(_)_ __  __ _ \ \ \ \
( ( )\___ | '_ | '_| | '_ \/ _` | \ \ \ \
 \\/  ___)| |_)| | | | | || (_| |  ) ) ) )
  '  |____| .__|_| |_|_| |_\__, | / / / /
 =========|_|==============|___/=/_/_/_/
 :: Spring Boot ::        (v1.5.4.RELEASE)

2019-10-30 16:09:18.665  INFO 5932 --- [    Test worker] c.db.awmd.challenge.AccountsServiceTest  : Starting AccountsServiceTest on LP-PG00FNAD with PID 5932 (started by Amit.Singh in E:\Users\amit.singh\Downloads\dk\challenge)
2019-10-30 16:09:18.666  INFO 5932 --- [    Test worker] c.db.awmd.challenge.AccountsServiceTest  : The following profiles are active: test
2019-10-30 16:09:18.674  INFO 5932 --- [    Test worker] o.s.w.c.s.GenericWebApplicationContext   : Refreshing org.springframework.web.context.support.GenericWebApplicationContext@27a1f81a: startup date [Wed Oct 30 16:09:18 IST 2019]; root of context hierarchy
2019-10-30 16:09:20.228  INFO 5932 --- [    Test worker] s.w.s.m.m.a.RequestMappingHandlerAdapter : Looking for @ControllerAdvice: org.springframework.web.context.support.GenericWebApplicationContext@27a1f81a: startup date [Wed Oct 30 16:09:18 IST 2019]; root of context hierarchy
2019-10-30 16:09:20.254  INFO 5932 --- [    Test worker] s.w.s.m.m.a.RequestMappingHandlerMapping : Mapped "{[/v1/accounts/transfer],methods=[PUT],consumes=[application/json]}" onto public org.springframework.http.ResponseEntity<java.lang.Object> com.db.awmd.challenge.web.AccountsController.makeTransfer(com.db.awmd.challenge.domain.Transfer)
2019-10-30 16:09:20.255  INFO 5932 --- [    Test worker] s.w.s.m.m.a.RequestMappingHandlerMapping : Mapped "{[/v1/accounts],methods=[POST],consumes=[application/json]}" onto public org.springframework.http.ResponseEntity<java.lang.Object> com.db.awmd.challenge.web.AccountsController.createAccount(com.db.awmd.challenge.domain.Account)
2019-10-30 16:09:20.257  INFO 5932 --- [    Test worker] s.w.s.m.m.a.RequestMappingHandlerMapping : Mapped "{[/v1/accounts/{accountId}],methods=[GET]}" onto public com.db.awmd.challenge.domain.Account com.db.awmd.challenge.web.AccountsController.getAccount(java.lang.String)
2019-10-30 16:09:20.262  INFO 5932 --- [    Test worker] s.w.s.m.m.a.RequestMappingHandlerMapping : Mapped "{[/error]}" onto public org.springframework.http.ResponseEntity<java.util.Map<java.lang.String, java.lang.Object>> org.springframework.boot.autoconfigure.web.BasicErrorController.error(javax.servlet.http.HttpServletRequest)
2019-10-30 16:09:20.263  INFO 5932 --- [    Test worker] s.w.s.m.m.a.RequestMappingHandlerMapping : Mapped "{[/error],produces=[text/html]}" onto public org.springframework.web.servlet.ModelAndView org.springframework.boot.autoconfigure.web.BasicErrorController.errorHtml(javax.servlet.http.HttpServletRequest,javax.servlet.http.HttpServletResponse)
2019-10-30 16:09:20.301  INFO 5932 --- [    Test worker] o.s.w.s.handler.SimpleUrlHandlerMapping  : Mapped URL path [/webjars/**] onto handler of type [class org.springframework.web.servlet.resource.ResourceHttpRequestHandler]
2019-10-30 16:09:20.301  INFO 5932 --- [    Test worker] o.s.w.s.handler.SimpleUrlHandlerMapping  : Mapped URL path [/**] onto handler of type [class org.springframework.web.servlet.resource.ResourceHttpRequestHandler]
2019-10-30 16:09:20.349  INFO 5932 --- [    Test worker] o.s.w.s.handler.SimpleUrlHandlerMapping  : Mapped URL path [/**/favicon.ico] onto handler of type [class org.springframework.web.servlet.resource.ResourceHttpRequestHandler]
2019-10-30 16:09:20.538  INFO 5932 --- [    Test worker] c.db.awmd.challenge.AccountsServiceTest  : Started AccountsServiceTest in 1.997 seconds (JVM running for 12.859)
]]></system-out>
  <system-err><![CDATA[]]></system-err>
</testsuite>
